2019-08-23 11:51:06,715 [WARN] [main] o.s.b.t.j.DuplicateJsonObjectContextCustomizerFactory$DuplicateJsonObjectContextCustomizer [DuplicateJsonObjectContextCustomizerFactory.java : 86] 

Found multiple occurrences of org.json.JSONObject on the class path:

	jar:file:/D:/work/maven/repository_kpp/org/json/json/20140107/json-20140107.jar!/org/json/JSONObject.class
	jar:file:/D:/work/maven/repository_kpp/com/vaadin/external/google/android-json/0.0.20131108.vaadin1/android-json-0.0.20131108.vaadin1.jar!/org/json/JSONObject.class

You may wish to exclude one of them to ensure predictable runtime behavior

2019-08-23 11:51:06,741 [INFO] [main] MailServiceTest [StartupInfoLogger.java : 50] Starting MailServiceTest on DESKTOP-H92G9EF with PID 2980 (started by ThinkPad in D:\work\develop\IdeaProjects\code\code-client)
2019-08-23 11:51:06,746 [INFO] [main] MailServiceTest [SpringApplication.java : 679] The following profiles are active: dev
2019-08-23 11:51:08,028 [WARN] [main] org.mybatis.spring.mapper.ClassPathMapperScanner [ClassPathMapperScanner.java : 239] Skipping MapperFactoryBean with name 'operateLogMapper' and 'com.zbl.code.system.dao.OperateLogMapper' mapperInterface. Bean already defined with the same name!
2019-08-23 11:51:08,029 [WARN] [main] org.mybatis.spring.mapper.ClassPathMapperScanner [ClassPathMapperScanner.java : 239] Skipping MapperFactoryBean with name 'permissionMapper' and 'com.zbl.code.system.dao.PermissionMapper' mapperInterface. Bean already defined with the same name!
2019-08-23 11:51:08,029 [WARN] [main] org.mybatis.spring.mapper.ClassPathMapperScanner [ClassPathMapperScanner.java : 239] Skipping MapperFactoryBean with name 'roleMapper' and 'com.zbl.code.system.dao.RoleMapper' mapperInterface. Bean already defined with the same name!
2019-08-23 11:51:08,029 [WARN] [main] org.mybatis.spring.mapper.ClassPathMapperScanner [ClassPathMapperScanner.java : 239] Skipping MapperFactoryBean with name 'rolePermissionMapper' and 'com.zbl.code.system.dao.RolePermissionMapper' mapperInterface. Bean already defined with the same name!
2019-08-23 11:51:08,029 [WARN] [main] org.mybatis.spring.mapper.ClassPathMapperScanner [ClassPathMapperScanner.java : 166] No MyBatis mapper was found in '[com.zbl.code]' package. Please check your configuration.
2019-08-23 11:51:08,083 [INFO] [main] o.s.data.repository.config.RepositoryConfigurationDelegate [RepositoryConfigurationDelegate.java : 244] Multiple Spring Data modules found, entering strict repository configuration mode!
2019-08-23 11:51:08,086 [INFO] [main] o.s.data.repository.config.RepositoryConfigurationDelegate [RepositoryConfigurationDelegate.java : 126] Bootstrapping Spring Data repositories in DEFAULT mode.
2019-08-23 11:51:08,134 [INFO] [main] o.s.data.repository.config.RepositoryConfigurationDelegate [RepositoryConfigurationDelegate.java : 182] Finished Spring Data repository scanning in 32ms. Found 0 repository interfaces.
2019-08-23 11:51:08,961 [INFO] [main] o.s.c.s.PostProcessorRegistrationDelegate$BeanPostProcessorChecker [PostProcessorRegistrationDelegate.java : 330] Bean 'org.springframework.transaction.annotation.ProxyTransactionManagementConfiguration' of type [org.springframework.transaction.annotation.ProxyTransactionManagementConfiguration$$EnhancerBySpringCGLIB$$bf4d474e] is not eligible for getting processed by all BeanPostProcessors (for example: not eligible for auto-proxying)
2019-08-23 11:51:09,630 [INFO] [main] c.a.d.spring.boot.autoconfigure.DruidDataSourceAutoConfigure [DruidDataSourceAutoConfigure.java : 56] Init DruidDataSource
2019-08-23 11:51:10,112 [INFO] [main] com.alibaba.druid.pool.DruidDataSource [DruidDataSource.java : 971] {dataSource-1} inited
2019-08-23 11:51:11,821 [INFO] [main] o.s.scheduling.concurrent.ThreadPoolTaskExecutor [ExecutorConfigurationSupport.java : 171] Initializing ExecutorService 'applicationTaskExecutor'
2019-08-23 11:51:12,088 [WARN] [main] o.s.b.a.t.ThymeleafAutoConfiguration$DefaultTemplateResolverConfiguration [ThymeleafAutoConfiguration.java : 108] Cannot find template location: classpath:/templates/ (please add some templates or check your Thymeleaf configuration)
2019-08-23 11:51:12,274 [INFO] [main] tk.mybatis.mapper.autoconfigure.MapperCacheDisabler [MapperCacheDisabler.java : 60] Clear tk.mybatis.mapper.util.MsUtil CLASS_CACHE cache.
2019-08-23 11:51:12,276 [INFO] [main] tk.mybatis.mapper.autoconfigure.MapperCacheDisabler [MapperCacheDisabler.java : 60] Clear tk.mybatis.mapper.genid.GenIdUtil CACHE cache.
2019-08-23 11:51:12,277 [INFO] [main] tk.mybatis.mapper.autoconfigure.MapperCacheDisabler [MapperCacheDisabler.java : 60] Clear tk.mybatis.mapper.version.VersionUtil CACHE cache.
2019-08-23 11:51:12,278 [INFO] [main] tk.mybatis.mapper.autoconfigure.MapperCacheDisabler [MapperCacheDisabler.java : 83] Clear EntityHelper entityTableMap cache.
2019-08-23 11:51:12,904 [WARN] [main] o.s.b.autoconfigure.freemarker.FreeMarkerAutoConfiguration [FreeMarkerAutoConfiguration.java : 70] Cannot find template location(s): [classpath:/templates/] (please add some templates, check your FreeMarker configuration, or set spring.freemarker.checkTemplateLocation=false)
2019-08-23 11:51:13,085 [INFO] [main] org.quartz.impl.StdSchedulerFactory [StdSchedulerFactory.java : 1208] Using default implementation for ThreadExecutor
2019-08-23 11:51:13,103 [INFO] [main] org.quartz.core.SchedulerSignalerImpl [SchedulerSignalerImpl.java : 61] Initialized Scheduler Signaller of type: class org.quartz.core.SchedulerSignalerImpl
2019-08-23 11:51:13,104 [INFO] [main] org.quartz.core.QuartzScheduler [QuartzScheduler.java : 229] Quartz Scheduler v.2.3.0 created.
2019-08-23 11:51:13,107 [INFO] [main] org.quartz.simpl.RAMJobStore [RAMJobStore.java : 155] RAMJobStore initialized.
2019-08-23 11:51:13,113 [INFO] [main] org.quartz.core.QuartzScheduler [QuartzScheduler.java : 294] Scheduler meta-data: Quartz Scheduler (v2.3.0) 'quartzScheduler' with instanceId 'NON_CLUSTERED'
  Scheduler class: 'org.quartz.core.QuartzScheduler' - running locally.
  NOT STARTED.
  Currently in standby mode.
  Number of jobs executed: 0
  Using thread pool 'org.quartz.simpl.SimpleThreadPool' - with 10 threads.
  Using job-store 'org.quartz.simpl.RAMJobStore' - which does not support persistence. and is not clustered.

2019-08-23 11:51:13,114 [INFO] [main] org.quartz.impl.StdSchedulerFactory [StdSchedulerFactory.java : 1362] Quartz scheduler 'quartzScheduler' initialized from an externally provided properties instance.
2019-08-23 11:51:13,115 [INFO] [main] org.quartz.impl.StdSchedulerFactory [StdSchedulerFactory.java : 1366] Quartz scheduler version: 2.3.0
2019-08-23 11:51:13,115 [INFO] [main] org.quartz.core.QuartzScheduler [QuartzScheduler.java : 2287] JobFactory set to: org.springframework.scheduling.quartz.SpringBeanJobFactory@63124022
2019-08-23 11:51:13,511 [INFO] [redisMessageListenerContainer-1] io.lettuce.core.EpollProvider [EpollProvider.java : 68] Starting without optional epoll library
2019-08-23 11:51:13,513 [INFO] [redisMessageListenerContainer-1] io.lettuce.core.KqueueProvider [KqueueProvider.java : 70] Starting without optional kqueue library
2019-08-23 11:51:15,171 [INFO] [main] org.springframework.scheduling.quartz.SchedulerFactoryBean [SchedulerFactoryBean.java : 726] Starting Quartz Scheduler now
2019-08-23 11:51:15,172 [INFO] [main] org.quartz.core.QuartzScheduler [QuartzScheduler.java : 547] Scheduler quartzScheduler_$_NON_CLUSTERED started.
2019-08-23 11:51:15,182 [INFO] [main] o.s.s.annotation.ScheduledAnnotationBeanPostProcessor [ScheduledAnnotationBeanPostProcessor.java : 295] No TaskScheduler/ScheduledExecutorService bean found for scheduled processing
2019-08-23 11:51:15,195 [INFO] [main] MailServiceTest [StartupInfoLogger.java : 59] Started MailServiceTest in 9.542 seconds (JVM running for 10.921)
2019-08-23 11:51:34,263 [INFO] [main] com.zbl.code.email.service.impl.MailServiceImpl [MailServiceImpl.java : 128] 嵌入静态资源的邮件已经发送.
2019-08-23 11:51:34,276 [INFO] [Thread-2] org.quartz.core.QuartzScheduler [QuartzScheduler.java : 585] Scheduler quartzScheduler_$_NON_CLUSTERED paused.
2019-08-23 11:51:34,278 [INFO] [Thread-2] org.springframework.scheduling.quartz.SchedulerFactoryBean [SchedulerFactoryBean.java : 844] Shutting down Quartz Scheduler
2019-08-23 11:51:34,278 [INFO] [Thread-2] org.quartz.core.QuartzScheduler [QuartzScheduler.java : 666] Scheduler quartzScheduler_$_NON_CLUSTERED shutting down.
2019-08-23 11:51:34,278 [INFO] [Thread-2] org.quartz.core.QuartzScheduler [QuartzScheduler.java : 585] Scheduler quartzScheduler_$_NON_CLUSTERED paused.
2019-08-23 11:51:34,279 [INFO] [Thread-2] org.quartz.core.QuartzScheduler [QuartzScheduler.java : 740] Scheduler quartzScheduler_$_NON_CLUSTERED shutdown complete.
2019-08-23 11:51:34,280 [INFO] [Thread-2] o.s.scheduling.concurrent.ThreadPoolTaskExecutor [ExecutorConfigurationSupport.java : 208] Shutting down ExecutorService 'applicationTaskExecutor'
2019-08-23 11:51:34,287 [INFO] [Thread-2] com.alibaba.druid.pool.DruidDataSource [DruidDataSource.java : 1908] {dataSource-1} closed
2019-08-23 13:50:52,256 [WARN] [main] o.s.b.t.j.DuplicateJsonObjectContextCustomizerFactory$DuplicateJsonObjectContextCustomizer [DuplicateJsonObjectContextCustomizerFactory.java : 86] 

Found multiple occurrences of org.json.JSONObject on the class path:

	jar:file:/D:/work/maven/repository_kpp/org/json/json/20140107/json-20140107.jar!/org/json/JSONObject.class
	jar:file:/D:/work/maven/repository_kpp/com/vaadin/external/google/android-json/0.0.20131108.vaadin1/android-json-0.0.20131108.vaadin1.jar!/org/json/JSONObject.class

You may wish to exclude one of them to ensure predictable runtime behavior

2019-08-23 13:50:52,277 [INFO] [main] MailServiceTest [StartupInfoLogger.java : 50] Starting MailServiceTest on DESKTOP-H92G9EF with PID 14552 (started by ThinkPad in D:\work\develop\IdeaProjects\code\code-client)
2019-08-23 13:50:52,277 [INFO] [main] MailServiceTest [SpringApplication.java : 679] The following profiles are active: dev
2019-08-23 13:50:53,733 [WARN] [main] org.mybatis.spring.mapper.ClassPathMapperScanner [ClassPathMapperScanner.java : 239] Skipping MapperFactoryBean with name 'operateLogMapper' and 'com.zbl.code.system.dao.OperateLogMapper' mapperInterface. Bean already defined with the same name!
2019-08-23 13:50:53,734 [WARN] [main] org.mybatis.spring.mapper.ClassPathMapperScanner [ClassPathMapperScanner.java : 239] Skipping MapperFactoryBean with name 'permissionMapper' and 'com.zbl.code.system.dao.PermissionMapper' mapperInterface. Bean already defined with the same name!
2019-08-23 13:50:53,734 [WARN] [main] org.mybatis.spring.mapper.ClassPathMapperScanner [ClassPathMapperScanner.java : 239] Skipping MapperFactoryBean with name 'roleMapper' and 'com.zbl.code.system.dao.RoleMapper' mapperInterface. Bean already defined with the same name!
2019-08-23 13:50:53,734 [WARN] [main] org.mybatis.spring.mapper.ClassPathMapperScanner [ClassPathMapperScanner.java : 239] Skipping MapperFactoryBean with name 'rolePermissionMapper' and 'com.zbl.code.system.dao.RolePermissionMapper' mapperInterface. Bean already defined with the same name!
2019-08-23 13:50:53,735 [WARN] [main] org.mybatis.spring.mapper.ClassPathMapperScanner [ClassPathMapperScanner.java : 166] No MyBatis mapper was found in '[com.zbl.code]' package. Please check your configuration.
2019-08-23 13:50:53,786 [INFO] [main] o.s.data.repository.config.RepositoryConfigurationDelegate [RepositoryConfigurationDelegate.java : 244] Multiple Spring Data modules found, entering strict repository configuration mode!
2019-08-23 13:50:53,790 [INFO] [main] o.s.data.repository.config.RepositoryConfigurationDelegate [RepositoryConfigurationDelegate.java : 126] Bootstrapping Spring Data repositories in DEFAULT mode.
2019-08-23 13:50:53,840 [INFO] [main] o.s.data.repository.config.RepositoryConfigurationDelegate [RepositoryConfigurationDelegate.java : 182] Finished Spring Data repository scanning in 32ms. Found 0 repository interfaces.
2019-08-23 13:50:54,522 [INFO] [main] o.s.c.s.PostProcessorRegistrationDelegate$BeanPostProcessorChecker [PostProcessorRegistrationDelegate.java : 330] Bean 'org.springframework.transaction.annotation.ProxyTransactionManagementConfiguration' of type [org.springframework.transaction.annotation.ProxyTransactionManagementConfiguration$$EnhancerBySpringCGLIB$$1d07987f] is not eligible for getting processed by all BeanPostProcessors (for example: not eligible for auto-proxying)
2019-08-23 13:50:55,184 [INFO] [main] c.a.d.spring.boot.autoconfigure.DruidDataSourceAutoConfigure [DruidDataSourceAutoConfigure.java : 56] Init DruidDataSource
2019-08-23 13:50:55,634 [INFO] [main] com.alibaba.druid.pool.DruidDataSource [DruidDataSource.java : 971] {dataSource-1} inited
2019-08-23 13:50:56,973 [INFO] [main] o.s.scheduling.concurrent.ThreadPoolTaskExecutor [ExecutorConfigurationSupport.java : 171] Initializing ExecutorService 'applicationTaskExecutor'
2019-08-23 13:50:57,241 [WARN] [main] o.s.b.a.t.ThymeleafAutoConfiguration$DefaultTemplateResolverConfiguration [ThymeleafAutoConfiguration.java : 108] Cannot find template location: classpath:/templates/ (please add some templates or check your Thymeleaf configuration)
2019-08-23 13:50:57,400 [INFO] [main] tk.mybatis.mapper.autoconfigure.MapperCacheDisabler [MapperCacheDisabler.java : 60] Clear tk.mybatis.mapper.util.MsUtil CLASS_CACHE cache.
2019-08-23 13:50:57,401 [INFO] [main] tk.mybatis.mapper.autoconfigure.MapperCacheDisabler [MapperCacheDisabler.java : 60] Clear tk.mybatis.mapper.genid.GenIdUtil CACHE cache.
2019-08-23 13:50:57,402 [INFO] [main] tk.mybatis.mapper.autoconfigure.MapperCacheDisabler [MapperCacheDisabler.java : 60] Clear tk.mybatis.mapper.version.VersionUtil CACHE cache.
2019-08-23 13:50:57,403 [INFO] [main] tk.mybatis.mapper.autoconfigure.MapperCacheDisabler [MapperCacheDisabler.java : 83] Clear EntityHelper entityTableMap cache.
2019-08-23 13:50:57,918 [WARN] [main] o.s.b.autoconfigure.freemarker.FreeMarkerAutoConfiguration [FreeMarkerAutoConfiguration.java : 70] Cannot find template location(s): [classpath:/templates/] (please add some templates, check your FreeMarker configuration, or set spring.freemarker.checkTemplateLocation=false)
2019-08-23 13:50:58,244 [INFO] [main] org.quartz.impl.StdSchedulerFactory [StdSchedulerFactory.java : 1208] Using default implementation for ThreadExecutor
2019-08-23 13:50:58,280 [INFO] [main] org.quartz.core.SchedulerSignalerImpl [SchedulerSignalerImpl.java : 61] Initialized Scheduler Signaller of type: class org.quartz.core.SchedulerSignalerImpl
2019-08-23 13:50:58,290 [INFO] [main] org.quartz.core.QuartzScheduler [QuartzScheduler.java : 229] Quartz Scheduler v.2.3.0 created.
2019-08-23 13:50:58,292 [INFO] [main] org.quartz.simpl.RAMJobStore [RAMJobStore.java : 155] RAMJobStore initialized.
2019-08-23 13:50:58,299 [INFO] [main] org.quartz.core.QuartzScheduler [QuartzScheduler.java : 294] Scheduler meta-data: Quartz Scheduler (v2.3.0) 'quartzScheduler' with instanceId 'NON_CLUSTERED'
  Scheduler class: 'org.quartz.core.QuartzScheduler' - running locally.
  NOT STARTED.
  Currently in standby mode.
  Number of jobs executed: 0
  Using thread pool 'org.quartz.simpl.SimpleThreadPool' - with 10 threads.
  Using job-store 'org.quartz.simpl.RAMJobStore' - which does not support persistence. and is not clustered.

2019-08-23 13:50:58,300 [INFO] [main] org.quartz.impl.StdSchedulerFactory [StdSchedulerFactory.java : 1362] Quartz scheduler 'quartzScheduler' initialized from an externally provided properties instance.
2019-08-23 13:50:58,300 [INFO] [main] org.quartz.impl.StdSchedulerFactory [StdSchedulerFactory.java : 1366] Quartz scheduler version: 2.3.0
2019-08-23 13:50:58,301 [INFO] [main] org.quartz.core.QuartzScheduler [QuartzScheduler.java : 2287] JobFactory set to: org.springframework.scheduling.quartz.SpringBeanJobFactory@a21c74
2019-08-23 13:50:58,794 [INFO] [redisMessageListenerContainer-1] io.lettuce.core.EpollProvider [EpollProvider.java : 68] Starting without optional epoll library
2019-08-23 13:50:58,796 [INFO] [redisMessageListenerContainer-1] io.lettuce.core.KqueueProvider [KqueueProvider.java : 70] Starting without optional kqueue library
2019-08-23 13:51:00,501 [INFO] [main] org.springframework.scheduling.quartz.SchedulerFactoryBean [SchedulerFactoryBean.java : 726] Starting Quartz Scheduler now
2019-08-23 13:51:00,502 [INFO] [main] org.quartz.core.QuartzScheduler [QuartzScheduler.java : 547] Scheduler quartzScheduler_$_NON_CLUSTERED started.
2019-08-23 13:51:00,512 [INFO] [main] o.s.s.annotation.ScheduledAnnotationBeanPostProcessor [ScheduledAnnotationBeanPostProcessor.java : 295] No TaskScheduler/ScheduledExecutorService bean found for scheduled processing
2019-08-23 13:51:00,526 [INFO] [main] MailServiceTest [StartupInfoLogger.java : 59] Started MailServiceTest in 9.207 seconds (JVM running for 10.392)
2019-08-23 13:51:34,812 [INFO] [main] com.zbl.code.email.service.impl.MailServiceImpl [MailServiceImpl.java : 128] 嵌入静态资源的邮件已经发送.
2019-08-23 13:51:34,823 [INFO] [Thread-2] org.quartz.core.QuartzScheduler [QuartzScheduler.java : 585] Scheduler quartzScheduler_$_NON_CLUSTERED paused.
2019-08-23 13:51:34,824 [INFO] [Thread-2] org.springframework.scheduling.quartz.SchedulerFactoryBean [SchedulerFactoryBean.java : 844] Shutting down Quartz Scheduler
2019-08-23 13:51:34,824 [INFO] [Thread-2] org.quartz.core.QuartzScheduler [QuartzScheduler.java : 666] Scheduler quartzScheduler_$_NON_CLUSTERED shutting down.
2019-08-23 13:51:34,825 [INFO] [Thread-2] org.quartz.core.QuartzScheduler [QuartzScheduler.java : 585] Scheduler quartzScheduler_$_NON_CLUSTERED paused.
2019-08-23 13:51:34,826 [INFO] [Thread-2] org.quartz.core.QuartzScheduler [QuartzScheduler.java : 740] Scheduler quartzScheduler_$_NON_CLUSTERED shutdown complete.
2019-08-23 13:51:34,826 [INFO] [Thread-2] o.s.scheduling.concurrent.ThreadPoolTaskExecutor [ExecutorConfigurationSupport.java : 208] Shutting down ExecutorService 'applicationTaskExecutor'
2019-08-23 13:51:34,831 [INFO] [Thread-2] com.alibaba.druid.pool.DruidDataSource [DruidDataSource.java : 1908] {dataSource-1} closed
2019-08-23 13:52:29,416 [WARN] [main] o.s.b.t.j.DuplicateJsonObjectContextCustomizerFactory$DuplicateJsonObjectContextCustomizer [DuplicateJsonObjectContextCustomizerFactory.java : 86] 

Found multiple occurrences of org.json.JSONObject on the class path:

	jar:file:/D:/work/maven/repository_kpp/org/json/json/20140107/json-20140107.jar!/org/json/JSONObject.class
	jar:file:/D:/work/maven/repository_kpp/com/vaadin/external/google/android-json/0.0.20131108.vaadin1/android-json-0.0.20131108.vaadin1.jar!/org/json/JSONObject.class

You may wish to exclude one of them to ensure predictable runtime behavior

2019-08-23 13:52:29,466 [INFO] [main] MailServiceTest [StartupInfoLogger.java : 50] Starting MailServiceTest on DESKTOP-H92G9EF with PID 8032 (started by ThinkPad in D:\work\develop\IdeaProjects\code\code-client)
2019-08-23 13:52:29,467 [INFO] [main] MailServiceTest [SpringApplication.java : 679] The following profiles are active: dev
2019-08-23 13:52:31,034 [WARN] [main] org.mybatis.spring.mapper.ClassPathMapperScanner [ClassPathMapperScanner.java : 239] Skipping MapperFactoryBean with name 'operateLogMapper' and 'com.zbl.code.system.dao.OperateLogMapper' mapperInterface. Bean already defined with the same name!
2019-08-23 13:52:31,035 [WARN] [main] org.mybatis.spring.mapper.ClassPathMapperScanner [ClassPathMapperScanner.java : 239] Skipping MapperFactoryBean with name 'permissionMapper' and 'com.zbl.code.system.dao.PermissionMapper' mapperInterface. Bean already defined with the same name!
2019-08-23 13:52:31,035 [WARN] [main] org.mybatis.spring.mapper.ClassPathMapperScanner [ClassPathMapperScanner.java : 239] Skipping MapperFactoryBean with name 'roleMapper' and 'com.zbl.code.system.dao.RoleMapper' mapperInterface. Bean already defined with the same name!
2019-08-23 13:52:31,036 [WARN] [main] org.mybatis.spring.mapper.ClassPathMapperScanner [ClassPathMapperScanner.java : 239] Skipping MapperFactoryBean with name 'rolePermissionMapper' and 'com.zbl.code.system.dao.RolePermissionMapper' mapperInterface. Bean already defined with the same name!
2019-08-23 13:52:31,036 [WARN] [main] org.mybatis.spring.mapper.ClassPathMapperScanner [ClassPathMapperScanner.java : 166] No MyBatis mapper was found in '[com.zbl.code]' package. Please check your configuration.
2019-08-23 13:52:31,086 [INFO] [main] o.s.data.repository.config.RepositoryConfigurationDelegate [RepositoryConfigurationDelegate.java : 244] Multiple Spring Data modules found, entering strict repository configuration mode!
2019-08-23 13:52:31,090 [INFO] [main] o.s.data.repository.config.RepositoryConfigurationDelegate [RepositoryConfigurationDelegate.java : 126] Bootstrapping Spring Data repositories in DEFAULT mode.
2019-08-23 13:52:31,136 [INFO] [main] o.s.data.repository.config.RepositoryConfigurationDelegate [RepositoryConfigurationDelegate.java : 182] Finished Spring Data repository scanning in 30ms. Found 0 repository interfaces.
2019-08-23 13:52:31,883 [INFO] [main] o.s.c.s.PostProcessorRegistrationDelegate$BeanPostProcessorChecker [PostProcessorRegistrationDelegate.java : 330] Bean 'org.springframework.transaction.annotation.ProxyTransactionManagementConfiguration' of type [org.springframework.transaction.annotation.ProxyTransactionManagementConfiguration$$EnhancerBySpringCGLIB$$d5e57d2b] is not eligible for getting processed by all BeanPostProcessors (for example: not eligible for auto-proxying)
2019-08-23 13:52:32,589 [INFO] [main] c.a.d.spring.boot.autoconfigure.DruidDataSourceAutoConfigure [DruidDataSourceAutoConfigure.java : 56] Init DruidDataSource
2019-08-23 13:52:33,024 [INFO] [main] com.alibaba.druid.pool.DruidDataSource [DruidDataSource.java : 971] {dataSource-1} inited
2019-08-23 13:52:34,374 [INFO] [main] o.s.scheduling.concurrent.ThreadPoolTaskExecutor [ExecutorConfigurationSupport.java : 171] Initializing ExecutorService 'applicationTaskExecutor'
2019-08-23 13:52:34,619 [WARN] [main] o.s.b.a.t.ThymeleafAutoConfiguration$DefaultTemplateResolverConfiguration [ThymeleafAutoConfiguration.java : 108] Cannot find template location: classpath:/templates/ (please add some templates or check your Thymeleaf configuration)
2019-08-23 13:52:34,789 [INFO] [main] tk.mybatis.mapper.autoconfigure.MapperCacheDisabler [MapperCacheDisabler.java : 60] Clear tk.mybatis.mapper.util.MsUtil CLASS_CACHE cache.
2019-08-23 13:52:34,790 [INFO] [main] tk.mybatis.mapper.autoconfigure.MapperCacheDisabler [MapperCacheDisabler.java : 60] Clear tk.mybatis.mapper.genid.GenIdUtil CACHE cache.
2019-08-23 13:52:34,791 [INFO] [main] tk.mybatis.mapper.autoconfigure.MapperCacheDisabler [MapperCacheDisabler.java : 60] Clear tk.mybatis.mapper.version.VersionUtil CACHE cache.
2019-08-23 13:52:34,791 [INFO] [main] tk.mybatis.mapper.autoconfigure.MapperCacheDisabler [MapperCacheDisabler.java : 83] Clear EntityHelper entityTableMap cache.
2019-08-23 13:52:35,318 [WARN] [main] o.s.b.autoconfigure.freemarker.FreeMarkerAutoConfiguration [FreeMarkerAutoConfiguration.java : 70] Cannot find template location(s): [classpath:/templates/] (please add some templates, check your FreeMarker configuration, or set spring.freemarker.checkTemplateLocation=false)
2019-08-23 13:52:35,505 [INFO] [main] org.quartz.impl.StdSchedulerFactory [StdSchedulerFactory.java : 1208] Using default implementation for ThreadExecutor
2019-08-23 13:52:35,529 [INFO] [main] org.quartz.core.SchedulerSignalerImpl [SchedulerSignalerImpl.java : 61] Initialized Scheduler Signaller of type: class org.quartz.core.SchedulerSignalerImpl
2019-08-23 13:52:35,529 [INFO] [main] org.quartz.core.QuartzScheduler [QuartzScheduler.java : 229] Quartz Scheduler v.2.3.0 created.
2019-08-23 13:52:35,531 [INFO] [main] org.quartz.simpl.RAMJobStore [RAMJobStore.java : 155] RAMJobStore initialized.
2019-08-23 13:52:35,532 [INFO] [main] org.quartz.core.QuartzScheduler [QuartzScheduler.java : 294] Scheduler meta-data: Quartz Scheduler (v2.3.0) 'quartzScheduler' with instanceId 'NON_CLUSTERED'
  Scheduler class: 'org.quartz.core.QuartzScheduler' - running locally.
  NOT STARTED.
  Currently in standby mode.
  Number of jobs executed: 0
  Using thread pool 'org.quartz.simpl.SimpleThreadPool' - with 10 threads.
  Using job-store 'org.quartz.simpl.RAMJobStore' - which does not support persistence. and is not clustered.

2019-08-23 13:52:35,533 [INFO] [main] org.quartz.impl.StdSchedulerFactory [StdSchedulerFactory.java : 1362] Quartz scheduler 'quartzScheduler' initialized from an externally provided properties instance.
2019-08-23 13:52:35,533 [INFO] [main] org.quartz.impl.StdSchedulerFactory [StdSchedulerFactory.java : 1366] Quartz scheduler version: 2.3.0
2019-08-23 13:52:35,533 [INFO] [main] org.quartz.core.QuartzScheduler [QuartzScheduler.java : 2287] JobFactory set to: org.springframework.scheduling.quartz.SpringBeanJobFactory@3e38c472
2019-08-23 13:52:35,871 [INFO] [redisMessageListenerContainer-1] io.lettuce.core.EpollProvider [EpollProvider.java : 68] Starting without optional epoll library
2019-08-23 13:52:35,874 [INFO] [redisMessageListenerContainer-1] io.lettuce.core.KqueueProvider [KqueueProvider.java : 70] Starting without optional kqueue library
2019-08-23 13:52:37,404 [INFO] [main] org.springframework.scheduling.quartz.SchedulerFactoryBean [SchedulerFactoryBean.java : 726] Starting Quartz Scheduler now
2019-08-23 13:52:37,404 [INFO] [main] org.quartz.core.QuartzScheduler [QuartzScheduler.java : 547] Scheduler quartzScheduler_$_NON_CLUSTERED started.
2019-08-23 13:52:37,414 [INFO] [main] o.s.s.annotation.ScheduledAnnotationBeanPostProcessor [ScheduledAnnotationBeanPostProcessor.java : 295] No TaskScheduler/ScheduledExecutorService bean found for scheduled processing
2019-08-23 13:52:37,543 [INFO] [main] MailServiceTest [StartupInfoLogger.java : 59] Started MailServiceTest in 8.826 seconds (JVM running for 9.892)
2019-08-23 13:53:08,034 [INFO] [Thread-2] org.quartz.core.QuartzScheduler [QuartzScheduler.java : 585] Scheduler quartzScheduler_$_NON_CLUSTERED paused.
2019-08-23 13:53:08,035 [INFO] [Thread-2] org.springframework.scheduling.quartz.SchedulerFactoryBean [SchedulerFactoryBean.java : 844] Shutting down Quartz Scheduler
2019-08-23 13:53:08,035 [INFO] [Thread-2] org.quartz.core.QuartzScheduler [QuartzScheduler.java : 666] Scheduler quartzScheduler_$_NON_CLUSTERED shutting down.
2019-08-23 13:53:08,035 [INFO] [Thread-2] org.quartz.core.QuartzScheduler [QuartzScheduler.java : 585] Scheduler quartzScheduler_$_NON_CLUSTERED paused.
2019-08-23 13:53:08,037 [INFO] [Thread-2] org.quartz.core.QuartzScheduler [QuartzScheduler.java : 740] Scheduler quartzScheduler_$_NON_CLUSTERED shutdown complete.
2019-08-23 13:53:08,037 [INFO] [Thread-2] o.s.scheduling.concurrent.ThreadPoolTaskExecutor [ExecutorConfigurationSupport.java : 208] Shutting down ExecutorService 'applicationTaskExecutor'
2019-08-23 13:53:08,042 [INFO] [Thread-2] com.alibaba.druid.pool.DruidDataSource [DruidDataSource.java : 1908] {dataSource-1} closed
2019-08-23 13:55:47,513 [WARN] [main] o.s.b.t.j.DuplicateJsonObjectContextCustomizerFactory$DuplicateJsonObjectContextCustomizer [DuplicateJsonObjectContextCustomizerFactory.java : 86] 

Found multiple occurrences of org.json.JSONObject on the class path:

	jar:file:/D:/work/maven/repository_kpp/org/json/json/20140107/json-20140107.jar!/org/json/JSONObject.class
	jar:file:/D:/work/maven/repository_kpp/com/vaadin/external/google/android-json/0.0.20131108.vaadin1/android-json-0.0.20131108.vaadin1.jar!/org/json/JSONObject.class

You may wish to exclude one of them to ensure predictable runtime behavior

2019-08-23 13:55:47,587 [INFO] [main] MailServiceTest [StartupInfoLogger.java : 50] Starting MailServiceTest on DESKTOP-H92G9EF with PID 10832 (started by ThinkPad in D:\work\develop\IdeaProjects\code\code-client)
2019-08-23 13:55:47,587 [INFO] [main] MailServiceTest [SpringApplication.java : 679] The following profiles are active: dev
2019-08-23 13:55:49,261 [WARN] [main] org.mybatis.spring.mapper.ClassPathMapperScanner [ClassPathMapperScanner.java : 239] Skipping MapperFactoryBean with name 'operateLogMapper' and 'com.zbl.code.system.dao.OperateLogMapper' mapperInterface. Bean already defined with the same name!
2019-08-23 13:55:49,261 [WARN] [main] org.mybatis.spring.mapper.ClassPathMapperScanner [ClassPathMapperScanner.java : 239] Skipping MapperFactoryBean with name 'permissionMapper' and 'com.zbl.code.system.dao.PermissionMapper' mapperInterface. Bean already defined with the same name!
2019-08-23 13:55:49,261 [WARN] [main] org.mybatis.spring.mapper.ClassPathMapperScanner [ClassPathMapperScanner.java : 239] Skipping MapperFactoryBean with name 'roleMapper' and 'com.zbl.code.system.dao.RoleMapper' mapperInterface. Bean already defined with the same name!
2019-08-23 13:55:49,262 [WARN] [main] org.mybatis.spring.mapper.ClassPathMapperScanner [ClassPathMapperScanner.java : 239] Skipping MapperFactoryBean with name 'rolePermissionMapper' and 'com.zbl.code.system.dao.RolePermissionMapper' mapperInterface. Bean already defined with the same name!
2019-08-23 13:55:49,262 [WARN] [main] org.mybatis.spring.mapper.ClassPathMapperScanner [ClassPathMapperScanner.java : 166] No MyBatis mapper was found in '[com.zbl.code]' package. Please check your configuration.
2019-08-23 13:55:49,307 [INFO] [main] o.s.data.repository.config.RepositoryConfigurationDelegate [RepositoryConfigurationDelegate.java : 244] Multiple Spring Data modules found, entering strict repository configuration mode!
2019-08-23 13:55:49,311 [INFO] [main] o.s.data.repository.config.RepositoryConfigurationDelegate [RepositoryConfigurationDelegate.java : 126] Bootstrapping Spring Data repositories in DEFAULT mode.
2019-08-23 13:55:49,369 [INFO] [main] o.s.data.repository.config.RepositoryConfigurationDelegate [RepositoryConfigurationDelegate.java : 182] Finished Spring Data repository scanning in 41ms. Found 0 repository interfaces.
2019-08-23 13:55:50,062 [INFO] [main] o.s.c.s.PostProcessorRegistrationDelegate$BeanPostProcessorChecker [PostProcessorRegistrationDelegate.java : 330] Bean 'org.springframework.transaction.annotation.ProxyTransactionManagementConfiguration' of type [org.springframework.transaction.annotation.ProxyTransactionManagementConfiguration$$EnhancerBySpringCGLIB$$599d6aa2] is not eligible for getting processed by all BeanPostProcessors (for example: not eligible for auto-proxying)
2019-08-23 13:55:50,722 [INFO] [main] c.a.d.spring.boot.autoconfigure.DruidDataSourceAutoConfigure [DruidDataSourceAutoConfigure.java : 56] Init DruidDataSource
2019-08-23 13:55:51,179 [INFO] [main] com.alibaba.druid.pool.DruidDataSource [DruidDataSource.java : 971] {dataSource-1} inited
2019-08-23 13:55:52,588 [INFO] [main] o.s.scheduling.concurrent.ThreadPoolTaskExecutor [ExecutorConfigurationSupport.java : 171] Initializing ExecutorService 'applicationTaskExecutor'
2019-08-23 13:55:52,844 [WARN] [main] o.s.b.a.t.ThymeleafAutoConfiguration$DefaultTemplateResolverConfiguration [ThymeleafAutoConfiguration.java : 108] Cannot find template location: classpath:/templates/ (please add some templates or check your Thymeleaf configuration)
2019-08-23 13:55:53,031 [INFO] [main] tk.mybatis.mapper.autoconfigure.MapperCacheDisabler [MapperCacheDisabler.java : 60] Clear tk.mybatis.mapper.util.MsUtil CLASS_CACHE cache.
2019-08-23 13:55:53,032 [INFO] [main] tk.mybatis.mapper.autoconfigure.MapperCacheDisabler [MapperCacheDisabler.java : 60] Clear tk.mybatis.mapper.genid.GenIdUtil CACHE cache.
2019-08-23 13:55:53,034 [INFO] [main] tk.mybatis.mapper.autoconfigure.MapperCacheDisabler [MapperCacheDisabler.java : 60] Clear tk.mybatis.mapper.version.VersionUtil CACHE cache.
2019-08-23 13:55:53,034 [INFO] [main] tk.mybatis.mapper.autoconfigure.MapperCacheDisabler [MapperCacheDisabler.java : 83] Clear EntityHelper entityTableMap cache.
2019-08-23 13:55:53,597 [WARN] [main] o.s.b.autoconfigure.freemarker.FreeMarkerAutoConfiguration [FreeMarkerAutoConfiguration.java : 70] Cannot find template location(s): [classpath:/templates/] (please add some templates, check your FreeMarker configuration, or set spring.freemarker.checkTemplateLocation=false)
2019-08-23 13:55:53,759 [INFO] [main] org.quartz.impl.StdSchedulerFactory [StdSchedulerFactory.java : 1208] Using default implementation for ThreadExecutor
2019-08-23 13:55:53,777 [INFO] [main] org.quartz.core.SchedulerSignalerImpl [SchedulerSignalerImpl.java : 61] Initialized Scheduler Signaller of type: class org.quartz.core.SchedulerSignalerImpl
2019-08-23 13:55:53,777 [INFO] [main] org.quartz.core.QuartzScheduler [QuartzScheduler.java : 229] Quartz Scheduler v.2.3.0 created.
2019-08-23 13:55:53,778 [INFO] [main] org.quartz.simpl.RAMJobStore [RAMJobStore.java : 155] RAMJobStore initialized.
2019-08-23 13:55:53,780 [INFO] [main] org.quartz.core.QuartzScheduler [QuartzScheduler.java : 294] Scheduler meta-data: Quartz Scheduler (v2.3.0) 'quartzScheduler' with instanceId 'NON_CLUSTERED'
  Scheduler class: 'org.quartz.core.QuartzScheduler' - running locally.
  NOT STARTED.
  Currently in standby mode.
  Number of jobs executed: 0
  Using thread pool 'org.quartz.simpl.SimpleThreadPool' - with 10 threads.
  Using job-store 'org.quartz.simpl.RAMJobStore' - which does not support persistence. and is not clustered.

2019-08-23 13:55:53,781 [INFO] [main] org.quartz.impl.StdSchedulerFactory [StdSchedulerFactory.java : 1362] Quartz scheduler 'quartzScheduler' initialized from an externally provided properties instance.
2019-08-23 13:55:53,781 [INFO] [main] org.quartz.impl.StdSchedulerFactory [StdSchedulerFactory.java : 1366] Quartz scheduler version: 2.3.0
2019-08-23 13:55:53,781 [INFO] [main] org.quartz.core.QuartzScheduler [QuartzScheduler.java : 2287] JobFactory set to: org.springframework.scheduling.quartz.SpringBeanJobFactory@1ab53860
2019-08-23 13:55:54,166 [INFO] [redisMessageListenerContainer-1] io.lettuce.core.EpollProvider [EpollProvider.java : 68] Starting without optional epoll library
2019-08-23 13:55:54,168 [INFO] [redisMessageListenerContainer-1] io.lettuce.core.KqueueProvider [KqueueProvider.java : 70] Starting without optional kqueue library
2019-08-23 13:55:55,817 [INFO] [main] org.springframework.scheduling.quartz.SchedulerFactoryBean [SchedulerFactoryBean.java : 726] Starting Quartz Scheduler now
2019-08-23 13:55:55,818 [INFO] [main] org.quartz.core.QuartzScheduler [QuartzScheduler.java : 547] Scheduler quartzScheduler_$_NON_CLUSTERED started.
2019-08-23 13:55:55,827 [INFO] [main] o.s.s.annotation.ScheduledAnnotationBeanPostProcessor [ScheduledAnnotationBeanPostProcessor.java : 295] No TaskScheduler/ScheduledExecutorService bean found for scheduled processing
2019-08-23 13:55:55,840 [INFO] [main] MailServiceTest [StartupInfoLogger.java : 59] Started MailServiceTest in 9.174 seconds (JVM running for 10.299)
2019-08-23 13:56:27,956 [INFO] [main] com.zbl.code.email.service.impl.MailServiceImpl [MailServiceImpl.java : 128] 嵌入静态资源的邮件已经发送.
2019-08-23 13:56:27,968 [INFO] [Thread-2] org.quartz.core.QuartzScheduler [QuartzScheduler.java : 585] Scheduler quartzScheduler_$_NON_CLUSTERED paused.
2019-08-23 13:56:27,969 [INFO] [Thread-2] org.springframework.scheduling.quartz.SchedulerFactoryBean [SchedulerFactoryBean.java : 844] Shutting down Quartz Scheduler
2019-08-23 13:56:27,969 [INFO] [Thread-2] org.quartz.core.QuartzScheduler [QuartzScheduler.java : 666] Scheduler quartzScheduler_$_NON_CLUSTERED shutting down.
2019-08-23 13:56:27,970 [INFO] [Thread-2] org.quartz.core.QuartzScheduler [QuartzScheduler.java : 585] Scheduler quartzScheduler_$_NON_CLUSTERED paused.
2019-08-23 13:56:27,971 [INFO] [Thread-2] org.quartz.core.QuartzScheduler [QuartzScheduler.java : 740] Scheduler quartzScheduler_$_NON_CLUSTERED shutdown complete.
2019-08-23 13:56:27,971 [INFO] [Thread-2] o.s.scheduling.concurrent.ThreadPoolTaskExecutor [ExecutorConfigurationSupport.java : 208] Shutting down ExecutorService 'applicationTaskExecutor'
2019-08-23 13:56:27,976 [INFO] [Thread-2] com.alibaba.druid.pool.DruidDataSource [DruidDataSource.java : 1908] {dataSource-1} closed
2019-08-23 14:36:24,795 [WARN] [main] o.s.b.t.j.DuplicateJsonObjectContextCustomizerFactory$DuplicateJsonObjectContextCustomizer [DuplicateJsonObjectContextCustomizerFactory.java : 86] 

Found multiple occurrences of org.json.JSONObject on the class path:

	jar:file:/D:/work/maven/repository_kpp/org/json/json/20140107/json-20140107.jar!/org/json/JSONObject.class
	jar:file:/D:/work/maven/repository_kpp/com/vaadin/external/google/android-json/0.0.20131108.vaadin1/android-json-0.0.20131108.vaadin1.jar!/org/json/JSONObject.class

You may wish to exclude one of them to ensure predictable runtime behavior

2019-08-23 14:36:24,915 [INFO] [main] MailServiceTest [StartupInfoLogger.java : 50] Starting MailServiceTest on DESKTOP-H92G9EF with PID 11516 (started by ThinkPad in D:\work\develop\IdeaProjects\code\code-client)
2019-08-23 14:36:24,915 [INFO] [main] MailServiceTest [SpringApplication.java : 679] The following profiles are active: dev
2019-08-23 14:36:28,231 [WARN] [main] org.mybatis.spring.mapper.ClassPathMapperScanner [ClassPathMapperScanner.java : 239] Skipping MapperFactoryBean with name 'operateLogMapper' and 'com.zbl.code.system.dao.OperateLogMapper' mapperInterface. Bean already defined with the same name!
2019-08-23 14:36:28,232 [WARN] [main] org.mybatis.spring.mapper.ClassPathMapperScanner [ClassPathMapperScanner.java : 239] Skipping MapperFactoryBean with name 'permissionMapper' and 'com.zbl.code.system.dao.PermissionMapper' mapperInterface. Bean already defined with the same name!
2019-08-23 14:36:28,232 [WARN] [main] org.mybatis.spring.mapper.ClassPathMapperScanner [ClassPathMapperScanner.java : 239] Skipping MapperFactoryBean with name 'roleMapper' and 'com.zbl.code.system.dao.RoleMapper' mapperInterface. Bean already defined with the same name!
2019-08-23 14:36:28,233 [WARN] [main] org.mybatis.spring.mapper.ClassPathMapperScanner [ClassPathMapperScanner.java : 239] Skipping MapperFactoryBean with name 'rolePermissionMapper' and 'com.zbl.code.system.dao.RolePermissionMapper' mapperInterface. Bean already defined with the same name!
2019-08-23 14:36:28,233 [WARN] [main] org.mybatis.spring.mapper.ClassPathMapperScanner [ClassPathMapperScanner.java : 166] No MyBatis mapper was found in '[com.zbl.code]' package. Please check your configuration.
2019-08-23 14:36:28,294 [INFO] [main] o.s.data.repository.config.RepositoryConfigurationDelegate [RepositoryConfigurationDelegate.java : 244] Multiple Spring Data modules found, entering strict repository configuration mode!
2019-08-23 14:36:28,298 [INFO] [main] o.s.data.repository.config.RepositoryConfigurationDelegate [RepositoryConfigurationDelegate.java : 126] Bootstrapping Spring Data repositories in DEFAULT mode.
2019-08-23 14:36:28,357 [INFO] [main] o.s.data.repository.config.RepositoryConfigurationDelegate [RepositoryConfigurationDelegate.java : 182] Finished Spring Data repository scanning in 39ms. Found 0 repository interfaces.
2019-08-23 14:36:29,219 [INFO] [main] o.s.c.s.PostProcessorRegistrationDelegate$BeanPostProcessorChecker [PostProcessorRegistrationDelegate.java : 330] Bean 'org.springframework.transaction.annotation.ProxyTransactionManagementConfiguration' of type [org.springframework.transaction.annotation.ProxyTransactionManagementConfiguration$$EnhancerBySpringCGLIB$$d6188b2b] is not eligible for getting processed by all BeanPostProcessors (for example: not eligible for auto-proxying)
2019-08-23 14:36:30,214 [INFO] [main] c.a.d.spring.boot.autoconfigure.DruidDataSourceAutoConfigure [DruidDataSourceAutoConfigure.java : 56] Init DruidDataSource
2019-08-23 14:36:30,865 [INFO] [main] com.alibaba.druid.pool.DruidDataSource [DruidDataSource.java : 971] {dataSource-1} inited
2019-08-23 14:36:32,434 [INFO] [main] o.s.scheduling.concurrent.ThreadPoolTaskExecutor [ExecutorConfigurationSupport.java : 171] Initializing ExecutorService 'applicationTaskExecutor'
2019-08-23 14:36:32,715 [WARN] [main] o.s.b.a.t.ThymeleafAutoConfiguration$DefaultTemplateResolverConfiguration [ThymeleafAutoConfiguration.java : 108] Cannot find template location: classpath:/templates/ (please add some templates or check your Thymeleaf configuration)
2019-08-23 14:36:33,074 [INFO] [main] tk.mybatis.mapper.autoconfigure.MapperCacheDisabler [MapperCacheDisabler.java : 60] Clear tk.mybatis.mapper.util.MsUtil CLASS_CACHE cache.
2019-08-23 14:36:33,075 [INFO] [main] tk.mybatis.mapper.autoconfigure.MapperCacheDisabler [MapperCacheDisabler.java : 60] Clear tk.mybatis.mapper.genid.GenIdUtil CACHE cache.
2019-08-23 14:36:33,077 [INFO] [main] tk.mybatis.mapper.autoconfigure.MapperCacheDisabler [MapperCacheDisabler.java : 60] Clear tk.mybatis.mapper.version.VersionUtil CACHE cache.
2019-08-23 14:36:33,077 [INFO] [main] tk.mybatis.mapper.autoconfigure.MapperCacheDisabler [MapperCacheDisabler.java : 83] Clear EntityHelper entityTableMap cache.
2019-08-23 14:36:33,795 [WARN] [main] o.s.b.autoconfigure.freemarker.FreeMarkerAutoConfiguration [FreeMarkerAutoConfiguration.java : 70] Cannot find template location(s): [classpath:/templates/] (please add some templates, check your FreeMarker configuration, or set spring.freemarker.checkTemplateLocation=false)
2019-08-23 14:36:33,991 [INFO] [main] org.quartz.impl.StdSchedulerFactory [StdSchedulerFactory.java : 1208] Using default implementation for ThreadExecutor
2019-08-23 14:36:34,013 [INFO] [main] org.quartz.core.SchedulerSignalerImpl [SchedulerSignalerImpl.java : 61] Initialized Scheduler Signaller of type: class org.quartz.core.SchedulerSignalerImpl
2019-08-23 14:36:34,014 [INFO] [main] org.quartz.core.QuartzScheduler [QuartzScheduler.java : 229] Quartz Scheduler v.2.3.0 created.
2019-08-23 14:36:34,015 [INFO] [main] org.quartz.simpl.RAMJobStore [RAMJobStore.java : 155] RAMJobStore initialized.
2019-08-23 14:36:34,017 [INFO] [main] org.quartz.core.QuartzScheduler [QuartzScheduler.java : 294] Scheduler meta-data: Quartz Scheduler (v2.3.0) 'quartzScheduler' with instanceId 'NON_CLUSTERED'
  Scheduler class: 'org.quartz.core.QuartzScheduler' - running locally.
  NOT STARTED.
  Currently in standby mode.
  Number of jobs executed: 0
  Using thread pool 'org.quartz.simpl.SimpleThreadPool' - with 10 threads.
  Using job-store 'org.quartz.simpl.RAMJobStore' - which does not support persistence. and is not clustered.

2019-08-23 14:36:34,018 [INFO] [main] org.quartz.impl.StdSchedulerFactory [StdSchedulerFactory.java : 1362] Quartz scheduler 'quartzScheduler' initialized from an externally provided properties instance.
2019-08-23 14:36:34,018 [INFO] [main] org.quartz.impl.StdSchedulerFactory [StdSchedulerFactory.java : 1366] Quartz scheduler version: 2.3.0
2019-08-23 14:36:34,018 [INFO] [main] org.quartz.core.QuartzScheduler [QuartzScheduler.java : 2287] JobFactory set to: org.springframework.scheduling.quartz.SpringBeanJobFactory@759a678a
2019-08-23 14:36:34,396 [INFO] [redisMessageListenerContainer-1] io.lettuce.core.EpollProvider [EpollProvider.java : 68] Starting without optional epoll library
2019-08-23 14:36:34,398 [INFO] [redisMessageListenerContainer-1] io.lettuce.core.KqueueProvider [KqueueProvider.java : 70] Starting without optional kqueue library
2019-08-23 14:36:36,146 [INFO] [main] org.springframework.scheduling.quartz.SchedulerFactoryBean [SchedulerFactoryBean.java : 726] Starting Quartz Scheduler now
2019-08-23 14:36:36,147 [INFO] [main] org.quartz.core.QuartzScheduler [QuartzScheduler.java : 547] Scheduler quartzScheduler_$_NON_CLUSTERED started.
2019-08-23 14:36:36,159 [INFO] [main] o.s.s.annotation.ScheduledAnnotationBeanPostProcessor [ScheduledAnnotationBeanPostProcessor.java : 295] No TaskScheduler/ScheduledExecutorService bean found for scheduled processing
2019-08-23 14:36:36,173 [INFO] [main] MailServiceTest [StartupInfoLogger.java : 59] Started MailServiceTest in 12.166 seconds (JVM running for 13.24)
2019-08-23 14:36:55,320 [INFO] [main] com.zbl.code.email.service.impl.MailServiceImpl [MailServiceImpl.java : 128] 嵌入静态资源的邮件已经发送.
2019-08-23 14:36:55,332 [INFO] [Thread-2] org.quartz.core.QuartzScheduler [QuartzScheduler.java : 585] Scheduler quartzScheduler_$_NON_CLUSTERED paused.
2019-08-23 14:36:55,333 [INFO] [Thread-2] org.springframework.scheduling.quartz.SchedulerFactoryBean [SchedulerFactoryBean.java : 844] Shutting down Quartz Scheduler
2019-08-23 14:36:55,333 [INFO] [Thread-2] org.quartz.core.QuartzScheduler [QuartzScheduler.java : 666] Scheduler quartzScheduler_$_NON_CLUSTERED shutting down.
2019-08-23 14:36:55,333 [INFO] [Thread-2] org.quartz.core.QuartzScheduler [QuartzScheduler.java : 585] Scheduler quartzScheduler_$_NON_CLUSTERED paused.
2019-08-23 14:36:55,334 [INFO] [Thread-2] org.quartz.core.QuartzScheduler [QuartzScheduler.java : 740] Scheduler quartzScheduler_$_NON_CLUSTERED shutdown complete.
2019-08-23 14:36:55,335 [INFO] [Thread-2] o.s.scheduling.concurrent.ThreadPoolTaskExecutor [ExecutorConfigurationSupport.java : 208] Shutting down ExecutorService 'applicationTaskExecutor'
2019-08-23 14:36:55,341 [INFO] [Thread-2] com.alibaba.druid.pool.DruidDataSource [DruidDataSource.java : 1908] {dataSource-1} closed
