2019-08-21 14:43:43.370  INFO 15060 --- [main] com.zbl.code.ClientApplication           : Starting ClientApplication on DESKTOP-H92G9EF with PID 15060 (D:\work\develop\IdeaProjects\code\code-client\target\classes started by ThinkPad in D:\work\develop\IdeaProjects\code)
2019-08-21 14:43:43.444  INFO 15060 --- [main] com.zbl.code.ClientApplication           : The following profiles are active: dev
2019-08-21 14:43:44.675  WARN 15060 --- [main] t.m.s.mapper.ClassPathMapperScanner      : No MyBatis mapper was found in '[com.zbl.code]' package. Please check your configuration.
2019-08-21 14:43:44.688  WARN 15060 --- [main] o.m.s.mapper.ClassPathMapperScanner      : No MyBatis mapper was found in '[com.zbl.code]' package. Please check your configuration.
2019-08-21 14:43:44.745  INFO 15060 --- [main] .s.d.r.c.RepositoryConfigurationDelegate : Multiple Spring Data modules found, entering strict repository configuration mode!
2019-08-21 14:43:44.748  INFO 15060 --- [main] .s.d.r.c.RepositoryConfigurationDelegate : Bootstrapping Spring Data repositories in DEFAULT mode.
2019-08-21 14:43:44.789  INFO 15060 --- [main] .s.d.r.c.RepositoryConfigurationDelegate : Finished Spring Data repository scanning in 23ms. Found 0 repository interfaces.
2019-08-21 14:43:45.274  INFO 15060 --- [main] trationDelegate$BeanPostProcessorChecker : Bean 'org.springframework.transaction.annotation.ProxyTransactionManagementConfiguration' of type [org.springframework.transaction.annotation.ProxyTransactionManagementConfiguration$$EnhancerBySpringCGLIB$$8f2f2cfa] is not eligible for getting processed by all BeanPostProcessors (for example: not eligible for auto-proxying)
2019-08-21 14:43:45.646  INFO 15060 --- [main] o.s.b.w.embedded.tomcat.TomcatWebServer  : Tomcat initialized with port(s): 8100 (http)
2019-08-21 14:43:45.675  INFO 15060 --- [main] o.apache.catalina.core.StandardService   : Starting service [Tomcat]
2019-08-21 14:43:45.675  INFO 15060 --- [main] org.apache.catalina.core.StandardEngine  : Starting Servlet engine: [Apache Tomcat/9.0.16]
2019-08-21 14:43:45.683  INFO 15060 --- [main] o.a.catalina.core.AprLifecycleListener   : The APR based Apache Tomcat Native library which allows optimal performance in production environments was not found on the java.library.path: [D:\work\JDK8\bin;C:\Windows\Sun\Java\bin;C:\Windows\system32;C:\Windows;D:\work\Idea\IntelliJ IDEA 2018.3\jbr\\bin;D:\work\Idea\IntelliJ IDEA 2018.3\jbr\\bin\server;D:\work\Idea\IntelliJ IDEA 2018.3\jbr\\bin;D:\work\Idea\IntelliJ IDEA 2018.3\jbr\\bin\server;D:\work\Idea\IntelliJ IDEA 2018.3\jbr\\bin;D:\work\Idea\IntelliJ IDEA 2018.3\jbr\\bin\server;D:\work\Idea\IntelliJ IDEA 2018.3\jbr\\bin;D:\work\Idea\IntelliJ IDEA 2018.3\jbr\\bin\server;D:\work\Idea\IntelliJ IDEA 2018.3\jbr\\bin;D:\work\Idea\IntelliJ IDEA 2018.3\jbr\\bin\server;D:\work\Idea\IntelliJ IDEA 2018.3\jbr\\bin;D:\work\Idea\IntelliJ IDEA 2018.3\jbr\\bin\server;D:\work\Idea\IntelliJ IDEA 2018.3\jre64\\bin;D:\work\Idea\IntelliJ IDEA 2018.3\jre64\\bin\server;C:\Windows\system32;C:\Windows;C:\Windows\System32\Wbem;C:\Windows\System32\WindowsPowerShell\v1.0\;C:\Windows\System32\OpenSSH\;D:\work\JDK8\bin;D:\work\mysql\bin;D:\work\git\to\bin;D:\work\git\Git\cmd;D:\work\maven\apache-maven-3.3.9\bin;C:\Program Files\nodejs\;C:\Program Files (x86)\NVIDIA Corporation\PhysX\Common;C:\Users\ThinkPad\AppData\Local\Microsoft\WindowsApps;C:\Users\ThinkPad\AppData\Roaming\npm;.]
2019-08-21 14:43:45.827  INFO 15060 --- [main] o.a.c.c.C.[.[localhost].[/client-api]    : Initializing Spring embedded WebApplicationContext
2019-08-21 14:43:45.828  INFO 15060 --- [main] o.s.web.context.ContextLoader            : Root WebApplicationContext: initialization completed in 2259 ms
2019-08-21 14:43:46.664  INFO 15060 --- [main] o.s.s.concurrent.ThreadPoolTaskExecutor  : Initializing ExecutorService 'applicationTaskExecutor'
2019-08-21 14:43:46.804  WARN 15060 --- [main] ion$DefaultTemplateResolverConfiguration : Cannot find template location: classpath:/templates/ (please add some templates or check your Thymeleaf configuration)
2019-08-21 14:43:46.864  INFO 15060 --- [main] c.a.d.s.b.a.DruidDataSourceAutoConfigure : Init DruidDataSource
2019-08-21 14:43:47.179  INFO 15060 --- [main] com.alibaba.druid.pool.DruidDataSource   : {dataSource-1} inited
2019-08-21 14:43:47.212  INFO 15060 --- [main] t.m.m.autoconfigure.MapperCacheDisabler  : Clear tk.mybatis.mapper.util.MsUtil CLASS_CACHE cache.
2019-08-21 14:43:47.212  INFO 15060 --- [main] t.m.m.autoconfigure.MapperCacheDisabler  : Clear tk.mybatis.mapper.genid.GenIdUtil CACHE cache.
2019-08-21 14:43:47.214  INFO 15060 --- [main] t.m.m.autoconfigure.MapperCacheDisabler  : Clear tk.mybatis.mapper.version.VersionUtil CACHE cache.
2019-08-21 14:43:47.224  INFO 15060 --- [main] t.m.m.autoconfigure.MapperCacheDisabler  : Clear EntityHelper entityTableMap cache.
2019-08-21 14:43:47.718  WARN 15060 --- [main] o.s.b.a.f.FreeMarkerAutoConfiguration    : Cannot find template location(s): [classpath:/templates/] (please add some templates, check your FreeMarker configuration, or set spring.freemarker.checkTemplateLocation=false)
2019-08-21 14:43:47.827  INFO 15060 --- [main] org.quartz.impl.StdSchedulerFactory      : Using default implementation for ThreadExecutor
2019-08-21 14:43:47.840  INFO 15060 --- [main] org.quartz.core.SchedulerSignalerImpl    : Initialized Scheduler Signaller of type: class org.quartz.core.SchedulerSignalerImpl
2019-08-21 14:43:47.840  INFO 15060 --- [main] org.quartz.core.QuartzScheduler          : Quartz Scheduler v.2.3.0 created.
2019-08-21 14:43:47.841  INFO 15060 --- [main] org.quartz.simpl.RAMJobStore             : RAMJobStore initialized.
2019-08-21 14:43:47.842  INFO 15060 --- [main] org.quartz.core.QuartzScheduler          : Scheduler meta-data: Quartz Scheduler (v2.3.0) 'quartzScheduler' with instanceId 'NON_CLUSTERED'
  Scheduler class: 'org.quartz.core.QuartzScheduler' - running locally.
  NOT STARTED.
  Currently in standby mode.
  Number of jobs executed: 0
  Using thread pool 'org.quartz.simpl.SimpleThreadPool' - with 10 threads.
  Using job-store 'org.quartz.simpl.RAMJobStore' - which does not support persistence. and is not clustered.

2019-08-21 14:43:47.842  INFO 15060 --- [main] org.quartz.impl.StdSchedulerFactory      : Quartz scheduler 'quartzScheduler' initialized from an externally provided properties instance.
2019-08-21 14:43:47.842  INFO 15060 --- [main] org.quartz.impl.StdSchedulerFactory      : Quartz scheduler version: 2.3.0
2019-08-21 14:43:47.842  INFO 15060 --- [main] org.quartz.core.QuartzScheduler          : JobFactory set to: org.springframework.scheduling.quartz.SpringBeanJobFactory@6e364f1f
2019-08-21 14:43:48.074  INFO 15060 --- [redisMessageListenerContainer-1] io.lettuce.core.EpollProvider            : Starting without optional epoll library
2019-08-21 14:43:48.076  INFO 15060 --- [redisMessageListenerContainer-1] io.lettuce.core.KqueueProvider           : Starting without optional kqueue library
2019-08-21 14:43:49.291  INFO 15060 --- [main] o.s.s.quartz.SchedulerFactoryBean        : Starting Quartz Scheduler now
2019-08-21 14:43:49.291  INFO 15060 --- [main] org.quartz.core.QuartzScheduler          : Scheduler quartzScheduler_$_NON_CLUSTERED started.
2019-08-21 14:43:49.303  INFO 15060 --- [main] s.a.ScheduledAnnotationBeanPostProcessor : No TaskScheduler/ScheduledExecutorService bean found for scheduled processing
2019-08-21 14:43:49.333  INFO 15060 --- [main] o.s.b.w.embedded.tomcat.TomcatWebServer  : Tomcat started on port(s): 8100 (http) with context path '/client-api'
2019-08-21 14:43:49.337  INFO 15060 --- [main] com.zbl.code.ClientApplication           : Started ClientApplication in 6.781 seconds (JVM running for 7.995)
2019-08-21 14:48:31.781  INFO 15060 --- [Thread-14] org.quartz.core.QuartzScheduler          : Scheduler quartzScheduler_$_NON_CLUSTERED paused.
2019-08-21 14:48:31.782  INFO 15060 --- [Thread-14] o.s.s.quartz.SchedulerFactoryBean        : Shutting down Quartz Scheduler
2019-08-21 14:48:31.782  INFO 15060 --- [Thread-14] org.quartz.core.QuartzScheduler          : Scheduler quartzScheduler_$_NON_CLUSTERED shutting down.
2019-08-21 14:48:31.782  INFO 15060 --- [Thread-14] org.quartz.core.QuartzScheduler          : Scheduler quartzScheduler_$_NON_CLUSTERED paused.
2019-08-21 14:48:31.782  INFO 15060 --- [Thread-14] org.quartz.core.QuartzScheduler          : Scheduler quartzScheduler_$_NON_CLUSTERED shutdown complete.
2019-08-21 14:48:31.788  INFO 15060 --- [Thread-14] com.alibaba.druid.pool.DruidDataSource   : {dataSource-1} closed
2019-08-21 14:48:31.789  INFO 15060 --- [Thread-14] o.s.s.concurrent.ThreadPoolTaskExecutor  : Shutting down ExecutorService 'applicationTaskExecutor'
2019-08-21 14:48:38.264  INFO 5324 --- [main] com.zbl.code.ClientApplication           : Starting ClientApplication on DESKTOP-H92G9EF with PID 5324 (D:\work\develop\IdeaProjects\code\code-client\target\classes started by ThinkPad in D:\work\develop\IdeaProjects\code)
2019-08-21 14:48:38.269  INFO 5324 --- [main] com.zbl.code.ClientApplication           : The following profiles are active: dev
2019-08-21 14:48:39.823  WARN 5324 --- [main] t.m.s.mapper.ClassPathMapperScanner      : No MyBatis mapper was found in '[com.zbl.code]' package. Please check your configuration.
2019-08-21 14:48:39.847  WARN 5324 --- [main] o.m.s.mapper.ClassPathMapperScanner      : No MyBatis mapper was found in '[com.zbl.code]' package. Please check your configuration.
2019-08-21 14:48:39.916  INFO 5324 --- [main] .s.d.r.c.RepositoryConfigurationDelegate : Multiple Spring Data modules found, entering strict repository configuration mode!
2019-08-21 14:48:39.919  INFO 5324 --- [main] .s.d.r.c.RepositoryConfigurationDelegate : Bootstrapping Spring Data repositories in DEFAULT mode.
2019-08-21 14:48:39.959  INFO 5324 --- [main] .s.d.r.c.RepositoryConfigurationDelegate : Finished Spring Data repository scanning in 24ms. Found 0 repository interfaces.
2019-08-21 14:48:40.397  INFO 5324 --- [main] trationDelegate$BeanPostProcessorChecker : Bean 'org.springframework.transaction.annotation.ProxyTransactionManagementConfiguration' of type [org.springframework.transaction.annotation.ProxyTransactionManagementConfiguration$$EnhancerBySpringCGLIB$$98b75376] is not eligible for getting processed by all BeanPostProcessors (for example: not eligible for auto-proxying)
2019-08-21 14:48:40.750  INFO 5324 --- [main] o.s.b.w.embedded.tomcat.TomcatWebServer  : Tomcat initialized with port(s): 8100 (http)
2019-08-21 14:48:40.776  INFO 5324 --- [main] o.apache.catalina.core.StandardService   : Starting service [Tomcat]
2019-08-21 14:48:40.777  INFO 5324 --- [main] org.apache.catalina.core.StandardEngine  : Starting Servlet engine: [Apache Tomcat/9.0.16]
2019-08-21 14:48:40.784  INFO 5324 --- [main] o.a.catalina.core.AprLifecycleListener   : The APR based Apache Tomcat Native library which allows optimal performance in production environments was not found on the java.library.path: [D:\work\JDK8\bin;C:\Windows\Sun\Java\bin;C:\Windows\system32;C:\Windows;D:\work\Idea\IntelliJ IDEA 2018.3\jbr\\bin;D:\work\Idea\IntelliJ IDEA 2018.3\jbr\\bin\server;D:\work\Idea\IntelliJ IDEA 2018.3\jbr\\bin;D:\work\Idea\IntelliJ IDEA 2018.3\jbr\\bin\server;D:\work\Idea\IntelliJ IDEA 2018.3\jbr\\bin;D:\work\Idea\IntelliJ IDEA 2018.3\jbr\\bin\server;D:\work\Idea\IntelliJ IDEA 2018.3\jbr\\bin;D:\work\Idea\IntelliJ IDEA 2018.3\jbr\\bin\server;D:\work\Idea\IntelliJ IDEA 2018.3\jbr\\bin;D:\work\Idea\IntelliJ IDEA 2018.3\jbr\\bin\server;D:\work\Idea\IntelliJ IDEA 2018.3\jbr\\bin;D:\work\Idea\IntelliJ IDEA 2018.3\jbr\\bin\server;D:\work\Idea\IntelliJ IDEA 2018.3\jre64\\bin;D:\work\Idea\IntelliJ IDEA 2018.3\jre64\\bin\server;C:\Windows\system32;C:\Windows;C:\Windows\System32\Wbem;C:\Windows\System32\WindowsPowerShell\v1.0\;C:\Windows\System32\OpenSSH\;D:\work\JDK8\bin;D:\work\mysql\bin;D:\work\git\to\bin;D:\work\git\Git\cmd;D:\work\maven\apache-maven-3.3.9\bin;C:\Program Files\nodejs\;C:\Program Files (x86)\NVIDIA Corporation\PhysX\Common;C:\Users\ThinkPad\AppData\Local\Microsoft\WindowsApps;C:\Users\ThinkPad\AppData\Roaming\npm;.]
2019-08-21 14:48:40.945  INFO 5324 --- [main] o.a.c.c.C.[.[localhost].[/client-api]    : Initializing Spring embedded WebApplicationContext
2019-08-21 14:48:40.946  INFO 5324 --- [main] o.s.web.context.ContextLoader            : Root WebApplicationContext: initialization completed in 2526 ms
2019-08-21 14:48:41.654  INFO 5324 --- [main] o.s.s.concurrent.ThreadPoolTaskExecutor  : Initializing ExecutorService 'applicationTaskExecutor'
2019-08-21 14:48:41.763  WARN 5324 --- [main] ion$DefaultTemplateResolverConfiguration : Cannot find template location: classpath:/templates/ (please add some templates or check your Thymeleaf configuration)
2019-08-21 14:48:41.815  INFO 5324 --- [main] c.a.d.s.b.a.DruidDataSourceAutoConfigure : Init DruidDataSource
2019-08-21 14:48:42.088  INFO 5324 --- [main] com.alibaba.druid.pool.DruidDataSource   : {dataSource-1} inited
2019-08-21 14:48:42.115  INFO 5324 --- [main] t.m.m.autoconfigure.MapperCacheDisabler  : Clear tk.mybatis.mapper.util.MsUtil CLASS_CACHE cache.
2019-08-21 14:48:42.116  INFO 5324 --- [main] t.m.m.autoconfigure.MapperCacheDisabler  : Clear tk.mybatis.mapper.genid.GenIdUtil CACHE cache.
2019-08-21 14:48:42.117  INFO 5324 --- [main] t.m.m.autoconfigure.MapperCacheDisabler  : Clear tk.mybatis.mapper.version.VersionUtil CACHE cache.
2019-08-21 14:48:42.123  INFO 5324 --- [main] t.m.m.autoconfigure.MapperCacheDisabler  : Clear EntityHelper entityTableMap cache.
2019-08-21 14:48:42.505  WARN 5324 --- [main] o.s.b.a.f.FreeMarkerAutoConfiguration    : Cannot find template location(s): [classpath:/templates/] (please add some templates, check your FreeMarker configuration, or set spring.freemarker.checkTemplateLocation=false)
2019-08-21 14:48:42.581  INFO 5324 --- [main] org.quartz.impl.StdSchedulerFactory      : Using default implementation for ThreadExecutor
2019-08-21 14:48:42.595  INFO 5324 --- [main] org.quartz.core.SchedulerSignalerImpl    : Initialized Scheduler Signaller of type: class org.quartz.core.SchedulerSignalerImpl
2019-08-21 14:48:42.595  INFO 5324 --- [main] org.quartz.core.QuartzScheduler          : Quartz Scheduler v.2.3.0 created.
2019-08-21 14:48:42.596  INFO 5324 --- [main] org.quartz.simpl.RAMJobStore             : RAMJobStore initialized.
2019-08-21 14:48:42.597  INFO 5324 --- [main] org.quartz.core.QuartzScheduler          : Scheduler meta-data: Quartz Scheduler (v2.3.0) 'quartzScheduler' with instanceId 'NON_CLUSTERED'
  Scheduler class: 'org.quartz.core.QuartzScheduler' - running locally.
  NOT STARTED.
  Currently in standby mode.
  Number of jobs executed: 0
  Using thread pool 'org.quartz.simpl.SimpleThreadPool' - with 10 threads.
  Using job-store 'org.quartz.simpl.RAMJobStore' - which does not support persistence. and is not clustered.

2019-08-21 14:48:42.597  INFO 5324 --- [main] org.quartz.impl.StdSchedulerFactory      : Quartz scheduler 'quartzScheduler' initialized from an externally provided properties instance.
2019-08-21 14:48:42.597  INFO 5324 --- [main] org.quartz.impl.StdSchedulerFactory      : Quartz scheduler version: 2.3.0
2019-08-21 14:48:42.597  INFO 5324 --- [main] org.quartz.core.QuartzScheduler          : JobFactory set to: org.springframework.scheduling.quartz.SpringBeanJobFactory@1eb9a3ef
2019-08-21 14:48:42.766  INFO 5324 --- [redisMessageListenerContainer-1] io.lettuce.core.EpollProvider            : Starting without optional epoll library
2019-08-21 14:48:42.768  INFO 5324 --- [redisMessageListenerContainer-1] io.lettuce.core.KqueueProvider           : Starting without optional kqueue library
2019-08-21 14:48:43.984  INFO 5324 --- [main] o.s.s.quartz.SchedulerFactoryBean        : Starting Quartz Scheduler now
2019-08-21 14:48:43.985  INFO 5324 --- [main] org.quartz.core.QuartzScheduler          : Scheduler quartzScheduler_$_NON_CLUSTERED started.
2019-08-21 14:48:43.997  INFO 5324 --- [main] s.a.ScheduledAnnotationBeanPostProcessor : No TaskScheduler/ScheduledExecutorService bean found for scheduled processing
2019-08-21 14:48:44.023  INFO 5324 --- [main] o.s.b.w.embedded.tomcat.TomcatWebServer  : Tomcat started on port(s): 8100 (http) with context path '/client-api'
2019-08-21 14:48:44.026  INFO 5324 --- [main] com.zbl.code.ClientApplication           : Started ClientApplication in 6.747 seconds (JVM running for 7.844)
2019-08-21 14:53:50.713  INFO 16232 --- [main] com.zbl.code.ClientApplication           : Starting ClientApplication on DESKTOP-H92G9EF with PID 16232 (D:\work\develop\IdeaProjects\code\code-client\target\classes started by ThinkPad in D:\work\develop\IdeaProjects\code)
2019-08-21 14:53:50.723  INFO 16232 --- [main] com.zbl.code.ClientApplication           : The following profiles are active: dev
2019-08-21 14:53:51.965  WARN 16232 --- [main] t.m.s.mapper.ClassPathMapperScanner      : No MyBatis mapper was found in '[com.zbl.code]' package. Please check your configuration.
2019-08-21 14:53:51.976  WARN 16232 --- [main] o.m.s.mapper.ClassPathMapperScanner      : No MyBatis mapper was found in '[com.zbl.code]' package. Please check your configuration.
2019-08-21 14:53:52.025  INFO 16232 --- [main] .s.d.r.c.RepositoryConfigurationDelegate : Multiple Spring Data modules found, entering strict repository configuration mode!
2019-08-21 14:53:52.027  INFO 16232 --- [main] .s.d.r.c.RepositoryConfigurationDelegate : Bootstrapping Spring Data repositories in DEFAULT mode.
2019-08-21 14:53:52.069  INFO 16232 --- [main] .s.d.r.c.RepositoryConfigurationDelegate : Finished Spring Data repository scanning in 23ms. Found 0 repository interfaces.
2019-08-21 14:53:52.552  INFO 16232 --- [main] trationDelegate$BeanPostProcessorChecker : Bean 'org.springframework.transaction.annotation.ProxyTransactionManagementConfiguration' of type [org.springframework.transaction.annotation.ProxyTransactionManagementConfiguration$$EnhancerBySpringCGLIB$$e330d321] is not eligible for getting processed by all BeanPostProcessors (for example: not eligible for auto-proxying)
2019-08-21 14:53:52.917  INFO 16232 --- [main] o.s.b.w.embedded.tomcat.TomcatWebServer  : Tomcat initialized with port(s): 8100 (http)
2019-08-21 14:53:52.946  INFO 16232 --- [main] o.apache.catalina.core.StandardService   : Starting service [Tomcat]
2019-08-21 14:53:52.946  INFO 16232 --- [main] org.apache.catalina.core.StandardEngine  : Starting Servlet engine: [Apache Tomcat/9.0.16]
2019-08-21 14:53:52.954  INFO 16232 --- [main] o.a.catalina.core.AprLifecycleListener   : The APR based Apache Tomcat Native library which allows optimal performance in production environments was not found on the java.library.path: [D:\work\JDK8\bin;C:\Windows\Sun\Java\bin;C:\Windows\system32;C:\Windows;D:\work\Idea\IntelliJ IDEA 2018.3\jbr\\bin;D:\work\Idea\IntelliJ IDEA 2018.3\jbr\\bin\server;D:\work\Idea\IntelliJ IDEA 2018.3\jbr\\bin;D:\work\Idea\IntelliJ IDEA 2018.3\jbr\\bin\server;D:\work\Idea\IntelliJ IDEA 2018.3\jbr\\bin;D:\work\Idea\IntelliJ IDEA 2018.3\jbr\\bin\server;D:\work\Idea\IntelliJ IDEA 2018.3\jbr\\bin;D:\work\Idea\IntelliJ IDEA 2018.3\jbr\\bin\server;D:\work\Idea\IntelliJ IDEA 2018.3\jbr\\bin;D:\work\Idea\IntelliJ IDEA 2018.3\jbr\\bin\server;D:\work\Idea\IntelliJ IDEA 2018.3\jbr\\bin;D:\work\Idea\IntelliJ IDEA 2018.3\jbr\\bin\server;D:\work\Idea\IntelliJ IDEA 2018.3\jre64\\bin;D:\work\Idea\IntelliJ IDEA 2018.3\jre64\\bin\server;C:\Windows\system32;C:\Windows;C:\Windows\System32\Wbem;C:\Windows\System32\WindowsPowerShell\v1.0\;C:\Windows\System32\OpenSSH\;D:\work\JDK8\bin;D:\work\mysql\bin;D:\work\git\to\bin;D:\work\git\Git\cmd;D:\work\maven\apache-maven-3.3.9\bin;C:\Program Files\nodejs\;C:\Program Files (x86)\NVIDIA Corporation\PhysX\Common;C:\Users\ThinkPad\AppData\Local\Microsoft\WindowsApps;C:\Users\ThinkPad\AppData\Roaming\npm;.]
2019-08-21 14:53:53.116  INFO 16232 --- [main] o.a.c.c.C.[.[localhost].[/client-api]    : Initializing Spring embedded WebApplicationContext
2019-08-21 14:53:53.116  INFO 16232 --- [main] o.s.web.context.ContextLoader            : Root WebApplicationContext: initialization completed in 2242 ms
2019-08-21 14:53:53.898  INFO 16232 --- [main] o.s.s.concurrent.ThreadPoolTaskExecutor  : Initializing ExecutorService 'applicationTaskExecutor'
2019-08-21 14:53:54.030  WARN 16232 --- [main] ion$DefaultTemplateResolverConfiguration : Cannot find template location: classpath:/templates/ (please add some templates or check your Thymeleaf configuration)
2019-08-21 14:53:54.087  INFO 16232 --- [main] c.a.d.s.b.a.DruidDataSourceAutoConfigure : Init DruidDataSource
2019-08-21 14:53:54.389  INFO 16232 --- [main] com.alibaba.druid.pool.DruidDataSource   : {dataSource-1} inited
2019-08-21 14:53:54.420  INFO 16232 --- [main] t.m.m.autoconfigure.MapperCacheDisabler  : Clear tk.mybatis.mapper.util.MsUtil CLASS_CACHE cache.
2019-08-21 14:53:54.421  INFO 16232 --- [main] t.m.m.autoconfigure.MapperCacheDisabler  : Clear tk.mybatis.mapper.genid.GenIdUtil CACHE cache.
2019-08-21 14:53:54.422  INFO 16232 --- [main] t.m.m.autoconfigure.MapperCacheDisabler  : Clear tk.mybatis.mapper.version.VersionUtil CACHE cache.
2019-08-21 14:53:54.431  INFO 16232 --- [main] t.m.m.autoconfigure.MapperCacheDisabler  : Clear EntityHelper entityTableMap cache.
2019-08-21 14:53:54.882  WARN 16232 --- [main] o.s.b.a.f.FreeMarkerAutoConfiguration    : Cannot find template location(s): [classpath:/templates/] (please add some templates, check your FreeMarker configuration, or set spring.freemarker.checkTemplateLocation=false)
2019-08-21 14:53:54.977  INFO 16232 --- [main] org.quartz.impl.StdSchedulerFactory      : Using default implementation for ThreadExecutor
2019-08-21 14:53:54.990  INFO 16232 --- [main] org.quartz.core.SchedulerSignalerImpl    : Initialized Scheduler Signaller of type: class org.quartz.core.SchedulerSignalerImpl
2019-08-21 14:53:54.991  INFO 16232 --- [main] org.quartz.core.QuartzScheduler          : Quartz Scheduler v.2.3.0 created.
2019-08-21 14:53:54.991  INFO 16232 --- [main] org.quartz.simpl.RAMJobStore             : RAMJobStore initialized.
2019-08-21 14:53:54.992  INFO 16232 --- [main] org.quartz.core.QuartzScheduler          : Scheduler meta-data: Quartz Scheduler (v2.3.0) 'quartzScheduler' with instanceId 'NON_CLUSTERED'
  Scheduler class: 'org.quartz.core.QuartzScheduler' - running locally.
  NOT STARTED.
  Currently in standby mode.
  Number of jobs executed: 0
  Using thread pool 'org.quartz.simpl.SimpleThreadPool' - with 10 threads.
  Using job-store 'org.quartz.simpl.RAMJobStore' - which does not support persistence. and is not clustered.

2019-08-21 14:53:54.992  INFO 16232 --- [main] org.quartz.impl.StdSchedulerFactory      : Quartz scheduler 'quartzScheduler' initialized from an externally provided properties instance.
2019-08-21 14:53:54.992  INFO 16232 --- [main] org.quartz.impl.StdSchedulerFactory      : Quartz scheduler version: 2.3.0
2019-08-21 14:53:54.993  INFO 16232 --- [main] org.quartz.core.QuartzScheduler          : JobFactory set to: org.springframework.scheduling.quartz.SpringBeanJobFactory@16cf7fd0
2019-08-21 14:53:55.195  INFO 16232 --- [redisMessageListenerContainer-1] io.lettuce.core.EpollProvider            : Starting without optional epoll library
2019-08-21 14:53:55.197  INFO 16232 --- [redisMessageListenerContainer-1] io.lettuce.core.KqueueProvider           : Starting without optional kqueue library
2019-08-21 14:53:56.447  INFO 16232 --- [main] o.s.s.quartz.SchedulerFactoryBean        : Starting Quartz Scheduler now
2019-08-21 14:53:56.447  INFO 16232 --- [main] org.quartz.core.QuartzScheduler          : Scheduler quartzScheduler_$_NON_CLUSTERED started.
2019-08-21 14:53:56.458  INFO 16232 --- [main] s.a.ScheduledAnnotationBeanPostProcessor : No TaskScheduler/ScheduledExecutorService bean found for scheduled processing
2019-08-21 14:53:56.498  INFO 16232 --- [main] o.s.b.w.embedded.tomcat.TomcatWebServer  : Tomcat started on port(s): 8100 (http) with context path '/client-api'
2019-08-21 14:53:56.505  INFO 16232 --- [main] com.zbl.code.ClientApplication           : Started ClientApplication in 6.606 seconds (JVM running for 7.993)
2019-08-21 14:54:30.995  INFO 16232 --- [Thread-15] org.quartz.core.QuartzScheduler          : Scheduler quartzScheduler_$_NON_CLUSTERED paused.
2019-08-21 14:54:30.996  INFO 16232 --- [Thread-15] o.s.s.quartz.SchedulerFactoryBean        : Shutting down Quartz Scheduler
2019-08-21 14:54:30.996  INFO 16232 --- [Thread-15] org.quartz.core.QuartzScheduler          : Scheduler quartzScheduler_$_NON_CLUSTERED shutting down.
2019-08-21 14:54:30.996  INFO 16232 --- [Thread-15] org.quartz.core.QuartzScheduler          : Scheduler quartzScheduler_$_NON_CLUSTERED paused.
2019-08-21 14:54:30.998  INFO 16232 --- [Thread-15] org.quartz.core.QuartzScheduler          : Scheduler quartzScheduler_$_NON_CLUSTERED shutdown complete.
2019-08-21 14:54:31.005  INFO 16232 --- [Thread-15] com.alibaba.druid.pool.DruidDataSource   : {dataSource-1} closed
2019-08-21 14:54:31.006  INFO 16232 --- [Thread-15] o.s.s.concurrent.ThreadPoolTaskExecutor  : Shutting down ExecutorService 'applicationTaskExecutor'
